<?xml version="1.0" encoding="UTF-8"?>
<testsuite xmlns:xsi="http://www.w3.org/2001/XMLSchema-instance" xsi:noNamespaceSchemaLocation="https://maven.apache.org/surefire/maven-surefire-plugin/xsd/surefire-test-report-3.0.xsd" version="3.0" name="org.example.MainTest" time="0.187" tests="5" errors="0" skipped="0" failures="0">
  <properties>
    <property name="java.specification.version" value="18"/>
    <property name="sun.jnu.encoding" value="UTF-8"/>
    <property name="java.class.path" value="/Users/shashankmittra/Desktop/IIITB/Sem-2/SP/miniproject/target/test-classes:/Users/shashankmittra/Desktop/IIITB/Sem-2/SP/miniproject/target/classes:/Users/shashankmittra/.m2/repository/org/junit/jupiter/junit-jupiter/5.10.2/junit-jupiter-5.10.2.jar:/Users/shashankmittra/.m2/repository/org/junit/jupiter/junit-jupiter-api/5.10.2/junit-jupiter-api-5.10.2.jar:/Users/shashankmittra/.m2/repository/org/opentest4j/opentest4j/1.3.0/opentest4j-1.3.0.jar:/Users/shashankmittra/.m2/repository/org/junit/platform/junit-platform-commons/1.10.2/junit-platform-commons-1.10.2.jar:/Users/shashankmittra/.m2/repository/org/apiguardian/apiguardian-api/1.1.2/apiguardian-api-1.1.2.jar:/Users/shashankmittra/.m2/repository/org/junit/jupiter/junit-jupiter-params/5.10.2/junit-jupiter-params-5.10.2.jar:/Users/shashankmittra/.m2/repository/org/junit/jupiter/junit-jupiter-engine/5.10.2/junit-jupiter-engine-5.10.2.jar:/Users/shashankmittra/.m2/repository/org/junit/platform/junit-platform-engine/1.10.2/junit-platform-engine-1.10.2.jar:"/>
    <property name="java.vm.vendor" value="Oracle Corporation"/>
    <property name="sun.arch.data.model" value="64"/>
    <property name="java.vendor.url" value="https://java.oracle.com/"/>
    <property name="os.name" value="Mac OS X"/>
    <property name="java.vm.specification.version" value="18"/>
    <property name="sun.java.launcher" value="SUN_STANDARD"/>
    <property name="user.country" value="IN"/>
    <property name="sun.boot.library.path" value="/Library/Java/JavaVirtualMachines/jdk-18.0.2.jdk/Contents/Home/lib"/>
    <property name="sun.java.command" value="/Users/shashankmittra/Desktop/IIITB/Sem-2/SP/miniproject/target/surefire/surefirebooter-20240217192419761_3.jar /Users/shashankmittra/Desktop/IIITB/Sem-2/SP/miniproject/target/surefire 2024-02-17T19-24-19_544-jvmRun1 surefire-20240217192419761_1tmp surefire_0-20240217192419761_2tmp"/>
    <property name="http.nonProxyHosts" value="local|*.local|169.254/16|*.169.254/16"/>
    <property name="jdk.debug" value="release"/>
    <property name="surefire.test.class.path" value="/Users/shashankmittra/Desktop/IIITB/Sem-2/SP/miniproject/target/test-classes:/Users/shashankmittra/Desktop/IIITB/Sem-2/SP/miniproject/target/classes:/Users/shashankmittra/.m2/repository/org/junit/jupiter/junit-jupiter/5.10.2/junit-jupiter-5.10.2.jar:/Users/shashankmittra/.m2/repository/org/junit/jupiter/junit-jupiter-api/5.10.2/junit-jupiter-api-5.10.2.jar:/Users/shashankmittra/.m2/repository/org/opentest4j/opentest4j/1.3.0/opentest4j-1.3.0.jar:/Users/shashankmittra/.m2/repository/org/junit/platform/junit-platform-commons/1.10.2/junit-platform-commons-1.10.2.jar:/Users/shashankmittra/.m2/repository/org/apiguardian/apiguardian-api/1.1.2/apiguardian-api-1.1.2.jar:/Users/shashankmittra/.m2/repository/org/junit/jupiter/junit-jupiter-params/5.10.2/junit-jupiter-params-5.10.2.jar:/Users/shashankmittra/.m2/repository/org/junit/jupiter/junit-jupiter-engine/5.10.2/junit-jupiter-engine-5.10.2.jar:/Users/shashankmittra/.m2/repository/org/junit/platform/junit-platform-engine/1.10.2/junit-platform-engine-1.10.2.jar:"/>
    <property name="sun.cpu.endian" value="little"/>
    <property name="user.home" value="/Users/shashankmittra"/>
    <property name="user.language" value="en"/>
    <property name="java.specification.vendor" value="Oracle Corporation"/>
    <property name="java.version.date" value="2022-07-19"/>
    <property name="java.home" value="/Library/Java/JavaVirtualMachines/jdk-18.0.2.jdk/Contents/Home"/>
    <property name="file.separator" value="/"/>
    <property name="basedir" value="/Users/shashankmittra/Desktop/IIITB/Sem-2/SP/miniproject"/>
    <property name="java.vm.compressedOopsMode" value="Zero based"/>
    <property name="line.separator" value="&#10;"/>
    <property name="java.specification.name" value="Java Platform API Specification"/>
    <property name="java.vm.specification.vendor" value="Oracle Corporation"/>
    <property name="apple.awt.application.name" value="ForkedBooter"/>
    <property name="surefire.real.class.path" value="/Users/shashankmittra/Desktop/IIITB/Sem-2/SP/miniproject/target/surefire/surefirebooter-20240217192419761_3.jar"/>
    <property name="sun.management.compiler" value="HotSpot 64-Bit Tiered Compilers"/>
    <property name="ftp.nonProxyHosts" value="local|*.local|169.254/16|*.169.254/16"/>
    <property name="java.runtime.version" value="18.0.2+9-61"/>
    <property name="user.name" value="shashankmittra"/>
    <property name="path.separator" value=":"/>
    <property name="os.version" value="14.3"/>
    <property name="java.runtime.name" value="Java(TM) SE Runtime Environment"/>
    <property name="file.encoding" value="UTF-8"/>
    <property name="java.vm.name" value="Java HotSpot(TM) 64-Bit Server VM"/>
    <property name="localRepository" value="/Users/shashankmittra/.m2/repository"/>
    <property name="java.vendor.url.bug" value="https://bugreport.java.com/bugreport/"/>
    <property name="java.io.tmpdir" value="/var/folders/74/9vvvr74j0sqfsd1gdw6qc0t00000gn/T/"/>
    <property name="java.version" value="18.0.2"/>
    <property name="user.dir" value="/Users/shashankmittra/Desktop/IIITB/Sem-2/SP/miniproject"/>
    <property name="os.arch" value="x86_64"/>
    <property name="java.vm.specification.name" value="Java Virtual Machine Specification"/>
    <property name="native.encoding" value="UTF-8"/>
    <property name="java.library.path" value="/Users/shashankmittra/Library/Java/Extensions:/Library/Java/Extensions:/Network/Library/Java/Extensions:/System/Library/Java/Extensions:/usr/lib/java:."/>
    <property name="java.vm.info" value="mixed mode, sharing"/>
    <property name="java.vendor" value="Oracle Corporation"/>
    <property name="java.vm.version" value="18.0.2+9-61"/>
    <property name="sun.io.unicode.encoding" value="UnicodeBig"/>
    <property name="socksNonProxyHosts" value="local|*.local|169.254/16|*.169.254/16"/>
    <property name="java.class.version" value="62.0"/>
  </properties>
  <testcase name="testFactorialFunction" classname="org.example.MainTest" time="0.081">
    <system-out><![CDATA[****Welcome to Scientific Calculator Menu****
1. Square Root Function
2. Factorial Function
3. Natural Logarithm
4. Power Function
5. Exit
Enter your choice
Enter a number for which you want to calculate the factorial:
The factorial of the number is: 120
****Welcome to Scientific Calculator Menu****
1. Square Root Function
2. Factorial Function
3. Natural Logarithm
4. Power Function
5. Exit
Enter your choice
Exiting from the application
]]></system-out>
  </testcase>
  <testcase name="testExitFunction" classname="org.example.MainTest" time="0.004">
    <system-out><![CDATA[****Welcome to Scientific Calculator Menu****
1. Square Root Function
2. Factorial Function
3. Natural Logarithm
4. Power Function
5. Exit
Enter your choice
Exiting from the application
]]></system-out>
  </testcase>
  <testcase name="testSquareRootFunction" classname="org.example.MainTest" time="0.016">
    <system-out><![CDATA[****Welcome to Scientific Calculator Menu****
1. Square Root Function
2. Factorial Function
3. Natural Logarithm
4. Power Function
5. Exit
Enter your choice
Enter a number for which you want to calculate the square root:
The square root of the number is: 4.0
****Welcome to Scientific Calculator Menu****
1. Square Root Function
2. Factorial Function
3. Natural Logarithm
4. Power Function
5. Exit
Enter your choice
Exiting from the application
]]></system-out>
  </testcase>
  <testcase name="testNaturalLogarithm" classname="org.example.MainTest" time="0.012">
    <system-out><![CDATA[****Welcome to Scientific Calculator Menu****
1. Square Root Function
2. Factorial Function
3. Natural Logarithm
4. Power Function
5. Exit
Enter your choice
Enter a number for which you want to calculate the natural logarithm:
The natural logarithm of the number is: 2.302585092994046
****Welcome to Scientific Calculator Menu****
1. Square Root Function
2. Factorial Function
3. Natural Logarithm
4. Power Function
5. Exit
Enter your choice
Exiting from the application
]]></system-out>
  </testcase>
  <testcase name="testPowerFunction" classname="org.example.MainTest" time="0.015">
    <system-out><![CDATA[****Welcome to Scientific Calculator Menu****
1. Square Root Function
2. Factorial Function
3. Natural Logarithm
4. Power Function
5. Exit
Enter your choice
Enter the base:
Enter the exponent:
The result of raising 2.0 to the power of 3.0 is: 8.0
****Welcome to Scientific Calculator Menu****
1. Square Root Function
2. Factorial Function
3. Natural Logarithm
4. Power Function
5. Exit
Enter your choice
Exiting from the application
]]></system-out>
  </testcase>
</testsuite>